Size of seed stack 1
Checking seed 55 - 13 with map 98 - 2 dest 50
Checking seed 55 - 13 with map 50 - 48 dest 52
Seed adjusted to 52 - 13 for map 50 - 48 dest 52
Breaking this shit!
Checking seed 52 - 13 with map 15 - 37 dest 0
Checking seed 52 - 13 with map 52 - 2 dest 37
Checking seed 52 - 13 with map 0 - 15 dest 39
Checking seed 52 - 13 with map 53 - 8 dest 49
Added seed 52 - 1 with map num 2
Added seed 61 - 4 with map num 2
Seed adjusted to 49 - 8 for map 53 - 8 dest 49
Breaking this shit!
Checking seed 49 - 8 with map 18 - 7 dest 88
Checking seed 49 - 8 with map 25 - 70 dest 18
Seed adjusted to 18 - 8 for map 25 - 70 dest 18
Breaking this shit!
Checking seed 18 - 8 with map 77 - 23 dest 45
Checking seed 18 - 8 with map 45 - 19 dest 81
Checking seed 18 - 8 with map 64 - 13 dest 68
Checking seed 18 - 8 with map 69 - 1 dest 0
Checking seed 18 - 8 with map 0 - 69 dest 1
Seed adjusted to 1 - 8 for map 0 - 69 dest 1
Breaking this shit!
Checking seed 1 - 8 with map 56 - 37 dest 60
Checking seed 1 - 8 with map 93 - 4 dest 56
Size of seed stack 2
Checking seed 61 - 4 with map 53 - 8 dest 49
Checking seed 61 - 4 with map 11 - 42 dest 0
Checking seed 61 - 4 with map 0 - 7 dest 42
Checking seed 61 - 4 with map 7 - 4 dest 57
Checking seed 61 - 4 with map 18 - 7 dest 88
Checking seed 61 - 4 with map 25 - 70 dest 18
Seed adjusted to 18 - 4 for map 25 - 70 dest 18
Breaking this shit!
Checking seed 18 - 4 with map 77 - 23 dest 45
Checking seed 18 - 4 with map 45 - 19 dest 81
Checking seed 18 - 4 with map 64 - 13 dest 68
Checking seed 18 - 4 with map 69 - 1 dest 0
Checking seed 18 - 4 with map 0 - 69 dest 1
Seed adjusted to 1 - 4 for map 0 - 69 dest 1
Breaking this shit!
Checking seed 1 - 4 with map 56 - 37 dest 60
Checking seed 1 - 4 with map 93 - 4 dest 56
Size of seed stack 1
Checking seed 52 - 1 with map 53 - 8 dest 49
Checking seed 52 - 1 with map 11 - 42 dest 0
Checking seed 52 - 1 with map 0 - 7 dest 42
Checking seed 52 - 1 with map 7 - 4 dest 57
Checking seed 52 - 1 with map 18 - 7 dest 88
Checking seed 52 - 1 with map 25 - 70 dest 18
Seed adjusted to 18 - 1 for map 25 - 70 dest 18
Breaking this shit!
Checking seed 18 - 1 with map 77 - 23 dest 45
Checking seed 18 - 1 with map 45 - 19 dest 81
Checking seed 18 - 1 with map 64 - 13 dest 68
Checking seed 18 - 1 with map 69 - 1 dest 0
Checking seed 18 - 1 with map 0 - 69 dest 1
Seed adjusted to 1 - 1 for map 0 - 69 dest 1
Breaking this shit!
Checking seed 1 - 1 with map 56 - 37 dest 60
Checking seed 1 - 1 with map 93 - 4 dest 56
Size of seed stack 0
Checking seed 79 - 14 with map 98 - 2 dest 50
Checking seed 79 - 14 with map 50 - 48 dest 52
Seed adjusted to 52 - 14 for map 50 - 48 dest 52
Breaking this shit!
Checking seed 52 - 14 with map 15 - 37 dest 0
Checking seed 52 - 14 with map 52 - 2 dest 37
Checking seed 52 - 14 with map 0 - 15 dest 39
Checking seed 52 - 14 with map 53 - 8 dest 49
Added seed 52 - 1 with map num 2
Added seed 61 - 5 with map num 2
Seed adjusted to 49 - 8 for map 53 - 8 dest 49
Breaking this shit!
Checking seed 49 - 8 with map 18 - 7 dest 88
Checking seed 49 - 8 with map 25 - 70 dest 18
Seed adjusted to 18 - 8 for map 25 - 70 dest 18
Breaking this shit!
Checking seed 18 - 8 with map 77 - 23 dest 45
Checking seed 18 - 8 with map 45 - 19 dest 81
Checking seed 18 - 8 with map 64 - 13 dest 68
Checking seed 18 - 8 with map 69 - 1 dest 0
Checking seed 18 - 8 with map 0 - 69 dest 1
Seed adjusted to 1 - 8 for map 0 - 69 dest 1
Breaking this shit!
Checking seed 1 - 8 with map 56 - 37 dest 60
Checking seed 1 - 8 with map 93 - 4 dest 56
Size of seed stack 1
Checking seed 61 - 5 with map 53 - 8 dest 49
Checking seed 61 - 5 with map 11 - 42 dest 0
Checking seed 61 - 5 with map 0 - 7 dest 42
Checking seed 61 - 5 with map 7 - 4 dest 57
Checking seed 61 - 5 with map 18 - 7 dest 88
Checking seed 61 - 5 with map 25 - 70 dest 18
Seed adjusted to 18 - 5 for map 25 - 70 dest 18
Breaking this shit!
Checking seed 18 - 5 with map 77 - 23 dest 45
Checking seed 18 - 5 with map 45 - 19 dest 81
Checking seed 18 - 5 with map 64 - 13 dest 68
Checking seed 18 - 5 with map 69 - 1 dest 0
Checking seed 18 - 5 with map 0 - 69 dest 1
Seed adjusted to 1 - 5 for map 0 - 69 dest 1
Breaking this shit!
Checking seed 1 - 5 with map 56 - 37 dest 60
Checking seed 1 - 5 with map 93 - 4 dest 56
Size of seed stack 0
Checking seed 52 - 1 with map 53 - 8 dest 49
Checking seed 52 - 1 with map 11 - 42 dest 0
Checking seed 52 - 1 with map 0 - 7 dest 42
Checking seed 52 - 1 with map 7 - 4 dest 57
Checking seed 52 - 1 with map 18 - 7 dest 88
Checking seed 52 - 1 with map 25 - 70 dest 18
Seed adjusted to 18 - 1 for map 25 - 70 dest 18
Breaking this shit!
Checking seed 18 - 1 with map 77 - 23 dest 45
Checking seed 18 - 1 with map 45 - 19 dest 81
Checking seed 18 - 1 with map 64 - 13 dest 68
Checking seed 18 - 1 with map 69 - 1 dest 0
Checking seed 18 - 1 with map 0 - 69 dest 1
Seed adjusted to 1 - 1 for map 0 - 69 dest 1
Breaking this shit!
Checking seed 1 - 1 with map 56 - 37 dest 60
Checking seed 1 - 1 with map 93 - 4 dest 56
Lowest location number is 1
